build/app/outputs/mapping/release/seeds.txt
com.example.signup.MainActivity
com.example.signup.MainActivity: MainActivity()
...
androidx.window.R$styleable: int[] ActivityFilter
kotlinx.coroutines.scheduling.WorkQueue: int consumerIndex
kotlinx.coroutines.scheduling.CoroutineScheduler: long parkedWorkersStack
androidx.window.embedding.ExtensionEmbeddingBackend: androidx.window.embedding.ExtensionEmbeddingBackend$Companion Companion
androidx.concurrent.futures.AbstractResolvableFuture$Waiter: java.lang.Thread thread
androidx.window.core.Version: int patch
androidx.window.layout.HardwareFoldingFeature: androidx.window.layout.FoldingFeature$State state
androidx.appcompat.widget.SearchView$SavedState: android.os.Parcelable$Creator CREATOR
io.flutter.view.AccessibilityViewEmbedder: android.view.View rootAccessibilityView
androidx.window.layout.WindowMetricsCalculator$Companion$decorator$1: androidx.window.layout.WindowMetricsCalculator$Companion$decorator$1 INSTANCE
androidx.window.embedding.ExtensionEmbeddingBackend: java.lang.String TAG
androidx.window.layout.SidecarWindowBackend: androidx.window.layout.SidecarWindowBackend globalInstance
kotlinx.coroutines.internal.ThreadSafeHeap: int _size
com.google.android.gms.signin.internal.zai: android.os.Parcelable$Creator CREATOR
androidx.window.layout.SidecarCompat: java.lang.String TAG
android.support.v4.media.session.PlaybackStateCompat: android.os.Parcelable$Creator CREATOR
androidx.window.embedding.ExtensionEmbeddingBackend$EmbeddingCallbackImpl: androidx.window.embedding.ExtensionEmbeddingBackend this$0
androidx.lifecycle.Lifecycle$Event: androidx.lifecycle.Lifecycle$Event ON_CREATE
androidx.window.embedding.ActivityFilter: android.content.ComponentName componentName
androidx.window.layout.FoldingFeature$OcclusionType: java.lang.String description
androidx.window.layout.WindowInfoTrackerImpl$windowLayoutInfo$1: androidx.window.layout.WindowInfoTrackerImpl this$0
io.flutter.view.AccessibilityViewEmbedder: java.lang.String TAG
androidx.window.layout.ExtensionWindowLayoutInfoBackend: androidx.window.extensions.layout.WindowLayoutComponent component
androidx.window.core.Version: androidx.window.core.Version CURRENT
androidx.window.R$styleable: int ActivityFilter_activityName
androidx.window.R$styleable: int ActivityRule_alwaysExpand
androidx.concurrent.futures.AbstractResolvableFuture: androidx.concurrent.futures.AbstractResolvableFuture$Waiter waiters
androidx.window.layout.WindowMetricsCalculator$Companion$reset$1: androidx.window.layout.WindowMetricsCalculator$Companion$reset$1 INSTANCE
androidx.window.java.layout.WindowInfoTrackerCallbackAdapter: java.util.Map consumerToJobMap
io.flutter.plugins.firebase.core.FlutterFirebasePlugin: java.util.concurrent.ExecutorService cachedThreadPool
androidx.window.layout.WindowInfoTrackerImpl$windowLayoutInfo$1: java.lang.Object L$2
androidx.window.embedding.SplitController: androidx.window.embedding.SplitController$Companion Companion
androidx.window.layout.DisplayCompatHelperApi28: androidx.window.layout.DisplayCompatHelperApi28 INSTANCE
androidx.window.embedding.ExtensionEmbeddingBackend: java.util.concurrent.CopyOnWriteArraySet splitRules
io.flutter.plugin.editing.ImeSyncDeferringInsetsCallback: boolean animating
androidx.window.embedding.SplitPairRule: boolean clearTop
com.google.android.gms.common.internal.ConnectionTelemetryConfiguration: android.os.Parcelable$Creator CREATOR
com.google.android.gms.signin.internal.zak: android.os.Parcelable$Creator CREATOR
io.flutter.embedding.engine.FlutterJNI: java.util.concurrent.locks.ReentrantReadWriteLock shellHolderLock
com.google.android.gms.common.internal.GetServiceRequest: android.os.Parcelable$Creator CREATOR
kotlin.jvm.internal.Lambda: int arity
io.flutter.embedding.engine.FlutterJNI: boolean loadLibraryCalled
androidx.window.layout.SidecarCompat$FirstAttachAdapter: java.lang.ref.WeakReference activityWeakReference
androidx.window.layout.WindowInfoTrackerImpl: androidx.window.layout.WindowInfoTrackerImpl$Companion Companion
androidx.window.R$attr: int placeholderActivityName