build/app/outputs/mapping/release/mapping.txt
# compiler: R8
# compiler_version: 3.2.47
# min_api: 19
# common_typos_disable
# {"id":"com.android.tools.r8.mapping","version":"2.0"}
# pg_map_id: eb6cdfa
# pg_map_hash: SHA-256 eb6cdfa4e597ad66c92d4be4f9861bf4a020f9d2e340227f9bc3c4cec1c414de
...
androidx.fragment.app.FragmentViewLifecycleOwner -> androidx.fragment.app.a0:
    androidx.lifecycle.LifecycleRegistry mLifecycleRegistry -> g
    androidx.lifecycle.ViewModelStore mViewModelStore -> f
    androidx.savedstate.SavedStateRegistryController mSavedStateRegistryController -> h
    androidx.fragment.app.Fragment mFragment -> e
    androidx.lifecycle.Lifecycle getLifecycle() -> a
    void handleLifecycleEvent(androidx.lifecycle.Lifecycle$Event) -> b
    void initialize() -> c
    boolean isInitialized() -> d
    void performRestore(android.os.Bundle) -> e
    void performSave(android.os.Bundle) -> f
    void setCurrentState(androidx.lifecycle.Lifecycle$State) -> g
    androidx.lifecycle.ViewModelStore getViewModelStore() -> h
    androidx.savedstate.SavedStateRegistry getSavedStateRegistry() -> l
androidx.fragment.app.LogWriter -> androidx.fragment.app.b0:
    java.lang.StringBuilder mBuilder -> f
    java.lang.String mTag -> e
    void flushBuilder() -> a
androidx.fragment.app.SpecialEffectsController -> androidx.fragment.app.c0:
    android.view.ViewGroup mContainer -> a
    boolean mIsContainerPostponed -> e
    java.util.ArrayList mRunningOperations -> c
    java.util.ArrayList mPendingOperations -> b
    boolean mOperationDirectionIsPop -> d
    void enqueue(androidx.fragment.app.SpecialEffectsController$Operation$State,androidx.fragment.app.SpecialEffectsController$Operation$LifecycleImpact,androidx.fragment.app.FragmentStateManager) -> a
    void enqueueAdd(androidx.fragment.app.SpecialEffectsController$Operation$State,androidx.fragment.app.FragmentStateManager) -> b
    void enqueueHide(androidx.fragment.app.FragmentStateManager) -> c
    void enqueueRemove(androidx.fragment.app.FragmentStateManager) -> d
    void enqueueShow(androidx.fragment.app.FragmentStateManager) -> e
    void executeOperations(java.util.List,boolean) -> f
    void executePendingOperations() -> g
    androidx.fragment.app.SpecialEffectsController$Operation findPendingOperation(androidx.fragment.app.Fragment) -> h
    androidx.fragment.app.SpecialEffectsController$Operation findRunningOperation(androidx.fragment.app.Fragment) -> i
    void forceCompleteAllOperations() -> j
    void forcePostponedExecutePendingOperations() -> k
    androidx.fragment.app.SpecialEffectsController$Operation$LifecycleImpact getAwaitingCompletionLifecycleImpact(androidx.fragment.app.FragmentStateManager) -> l
    android.view.ViewGroup getContainer() -> m
androidx.fragment.app.SpecialEffectsController$1 -> androidx.fragment.app.c0$a:
    androidx.fragment.app.SpecialEffectsController this$0 -> f
    androidx.fragment.app.SpecialEffectsController$FragmentStateManagerOperation val$operation -> e
androidx.fragment.app.SpecialEffectsController$2 -> androidx.fragment.app.c0$b:
    androidx.fragment.app.SpecialEffectsController this$0 -> f
    androidx.fragment.app.SpecialEffectsController$FragmentStateManagerOperation val$operation -> e
androidx.fragment.app.SpecialEffectsController$3 -> androidx.fragment.app.c0$c:
    int[] $SwitchMap$androidx$fragment$app$SpecialEffectsController$Operation$LifecycleImpact -> b
    int[] $SwitchMap$androidx$fragment$app$SpecialEffectsController$Operation$State -> a
androidx.fragment.app.SpecialEffectsController$FragmentStateManagerOperation -> androidx.fragment.app.c0$d:
    androidx.fragment.app.FragmentStateManager mFragmentStateManager -> h
    void complete() -> c
    void onStart() -> l